0 info it worked if it ends with ok
1 verbose cli [ '/usr/local/bin/node', '/usr/local/bin/npm', 'install' ]
2 info using npm@2.14.2
3 info using node@v4.0.0
4 verbose readDependencies loading dependencies from /Users/Tommy/Desktop/newProjects/note-react/package.json
5 warn package.json note-react@1.0.0 No description
6 warn package.json note-react@1.0.0 No repository field.
7 warn package.json note-react@1.0.0 No README data
8 verbose install where, deps [ '/Users/Tommy/Desktop/newProjects/note-react',
8 verbose install   [ 'babel',
8 verbose install     'firebase',
8 verbose install     'history',
8 verbose install     'react',
8 verbose install     'react-dom',
8 verbose install     'react-router',
8 verbose install     'reactfire',
8 verbose install     'babel-core',
8 verbose install     'babel-loader',
8 verbose install     'babel-preset-es2015',
8 verbose install     'babel-preset-react',
8 verbose install     'webpack',
8 verbose install     'webpack-dev-server' ] ]
9 verbose install where, peers [ '/Users/Tommy/Desktop/newProjects/note-react', [] ]
10 verbose installManyTop reading for lifecycle /Users/Tommy/Desktop/newProjects/note-react/package.json
11 info preinstall note-react@1.0.0
12 verbose installManyTop reading scoped package data from /Users/Tommy/Desktop/newProjects/note-react/node_modules/babel/package.json
13 verbose installManyTop reading scoped package data from /Users/Tommy/Desktop/newProjects/note-react/node_modules/babel-core/package.json
14 verbose installManyTop reading scoped package data from /Users/Tommy/Desktop/newProjects/note-react/node_modules/babel-loader/package.json
15 verbose installManyTop reading scoped package data from /Users/Tommy/Desktop/newProjects/note-react/node_modules/babel-preset-es2015/package.json
16 verbose installManyTop reading scoped package data from /Users/Tommy/Desktop/newProjects/note-react/node_modules/babel-preset-react/package.json
17 verbose installManyTop reading scoped package data from /Users/Tommy/Desktop/newProjects/note-react/node_modules/firebase/package.json
18 verbose installManyTop reading scoped package data from /Users/Tommy/Desktop/newProjects/note-react/node_modules/history/package.json
19 verbose installManyTop reading scoped package data from /Users/Tommy/Desktop/newProjects/note-react/node_modules/react/package.json
20 verbose installManyTop reading scoped package data from /Users/Tommy/Desktop/newProjects/note-react/node_modules/react-dom/package.json
21 verbose installManyTop reading scoped package data from /Users/Tommy/Desktop/newProjects/note-react/node_modules/react-router/package.json
22 verbose installManyTop reading scoped package data from /Users/Tommy/Desktop/newProjects/note-react/node_modules/reactfire/package.json
23 verbose installManyTop reading scoped package data from /Users/Tommy/Desktop/newProjects/note-react/node_modules/webpack/package.json
24 verbose installManyTop reading scoped package data from /Users/Tommy/Desktop/newProjects/note-react/node_modules/webpack-dev-server/package.json
25 info package.json firebase@2.4.1 No license field.
26 verbose readDependencies loading dependencies from /Users/Tommy/Desktop/newProjects/note-react/package.json
27 verbose targetResolver reading package data from /Users/Tommy/Desktop/newProjects/note-react/node_modules/babel/package.json
28 verbose targetResolver reading package data from /Users/Tommy/Desktop/newProjects/note-react/node_modules/babel-core/package.json
29 verbose targetResolver reading package data from /Users/Tommy/Desktop/newProjects/note-react/node_modules/babel-loader/package.json
30 verbose targetResolver reading package data from /Users/Tommy/Desktop/newProjects/note-react/node_modules/babel-preset-es2015/package.json
31 verbose targetResolver reading package data from /Users/Tommy/Desktop/newProjects/note-react/node_modules/babel-preset-react/package.json
32 verbose targetResolver reading package data from /Users/Tommy/Desktop/newProjects/note-react/node_modules/firebase/package.json
33 verbose targetResolver reading package data from /Users/Tommy/Desktop/newProjects/note-react/node_modules/history/package.json
34 verbose targetResolver reading package data from /Users/Tommy/Desktop/newProjects/note-react/node_modules/react/package.json
35 verbose targetResolver reading package data from /Users/Tommy/Desktop/newProjects/note-react/node_modules/react-dom/package.json
36 verbose targetResolver reading package data from /Users/Tommy/Desktop/newProjects/note-react/node_modules/react-router/package.json
37 verbose targetResolver reading package data from /Users/Tommy/Desktop/newProjects/note-react/node_modules/reactfire/package.json
38 verbose targetResolver reading package data from /Users/Tommy/Desktop/newProjects/note-react/node_modules/webpack/package.json
39 verbose targetResolver reading package data from /Users/Tommy/Desktop/newProjects/note-react/node_modules/webpack-dev-server/package.json
40 verbose targetResolver reading package data from /Users/Tommy/Desktop/newProjects/note-react/node_modules/.bin/babel/package.json
41 verbose targetResolver reading package data from /Users/Tommy/Desktop/newProjects/note-react/node_modules/.bin/babel-external-helpers/package.json
42 verbose targetResolver reading package data from /Users/Tommy/Desktop/newProjects/note-react/node_modules/.bin/babel-node/package.json
43 verbose targetResolver reading package data from /Users/Tommy/Desktop/newProjects/note-react/node_modules/.bin/webpack/package.json
44 verbose targetResolver reading package data from /Users/Tommy/Desktop/newProjects/note-react/node_modules/.bin/webpack-dev-server/package.json
45 silly cache add args [ 'reactfire@^0.13.3', null ]
46 verbose cache add spec reactfire@^0.13.3
47 silly cache add parsed spec Result {
47 silly cache add   raw: 'reactfire@^0.13.3',
47 silly cache add   scope: null,
47 silly cache add   name: 'reactfire',
47 silly cache add   rawSpec: '^0.13.3',
47 silly cache add   spec: '>=0.13.3 <0.14.0',
47 silly cache add   type: 'range' }
48 silly addNamed reactfire@>=0.13.3 <0.14.0
49 verbose addNamed ">=0.13.3 <0.14.0" is a valid semver range for reactfire
50 silly addNameRange { name: 'reactfire', range: '>=0.13.3 <0.14.0', hasData: false }
51 silly mapToRegistry name reactfire
52 silly mapToRegistry using default registry
53 silly mapToRegistry registry https://registry.npmjs.org/
54 silly mapToRegistry uri https://registry.npmjs.org/reactfire
55 verbose addNameRange registry:https://registry.npmjs.org/reactfire not in flight; fetching
56 verbose already installed skipping babel-core@^6.3.13 /Users/Tommy/Desktop/newProjects/note-react
57 verbose already installed skipping babel-loader@^6.2.0 /Users/Tommy/Desktop/newProjects/note-react
58 verbose already installed skipping babel-preset-es2015@^6.3.13 /Users/Tommy/Desktop/newProjects/note-react
59 verbose already installed skipping babel-preset-react@^6.3.13 /Users/Tommy/Desktop/newProjects/note-react
60 verbose already installed skipping webpack@^1.12.9 /Users/Tommy/Desktop/newProjects/note-react
61 verbose already installed skipping webpack-dev-server@^1.14.1 /Users/Tommy/Desktop/newProjects/note-react
62 verbose already installed skipping babel@^6.5.2 /Users/Tommy/Desktop/newProjects/note-react
63 verbose already installed skipping firebase@^2.4.1 /Users/Tommy/Desktop/newProjects/note-react
64 verbose already installed skipping history@^1.13.1 /Users/Tommy/Desktop/newProjects/note-react
65 verbose request uri https://registry.npmjs.org/reactfire
66 verbose request no auth needed
67 info attempt registry request try #1 at 9:29:23 PM
68 verbose request id 0e1d6a63527a8f85
69 verbose etag "6F8323R4DR25A9NARUZ2AJ169"
70 http request GET https://registry.npmjs.org/reactfire
71 verbose already installed skipping react@^0.14.7 /Users/Tommy/Desktop/newProjects/note-react
72 verbose already installed skipping react-dom@^0.14.7 /Users/Tommy/Desktop/newProjects/note-react
73 verbose already installed skipping react-router@^1.0.1 /Users/Tommy/Desktop/newProjects/note-react
74 http 304 https://registry.npmjs.org/reactfire
75 silly get cb [ 304,
75 silly get   { date: 'Tue, 23 Feb 2016 21:29:24 GMT',
75 silly get     via: '1.1 varnish',
75 silly get     'cache-control': 'max-age=300',
75 silly get     etag: '"6F8323R4DR25A9NARUZ2AJ169"',
75 silly get     age: '0',
75 silly get     connection: 'keep-alive',
75 silly get     'x-served-by': 'cache-ams4145-AMS',
75 silly get     'x-cache': 'MISS',
75 silly get     'x-cache-hits': '0',
75 silly get     'x-timer': 'S1456262964.671738,VS0,VE405',
75 silly get     vary: 'Accept' } ]
76 verbose etag https://registry.npmjs.org/reactfire from cache
77 verbose get saving reactfire to /Users/Tommy/.npm/registry.npmjs.org/reactfire/.cache.json
78 silly addNameRange number 2 { name: 'reactfire', range: '>=0.13.3 <0.14.0', hasData: true }
79 silly addNameRange versions [ 'reactfire',
79 silly addNameRange   [ '0.1.4',
79 silly addNameRange     '0.1.5',
79 silly addNameRange     '0.1.6',
79 silly addNameRange     '0.2.0',
79 silly addNameRange     '0.3.0',
79 silly addNameRange     '0.4.0',
79 silly addNameRange     '0.5.0',
79 silly addNameRange     '0.5.1',
79 silly addNameRange     '0.6.0' ] ]
80 verbose stack Error: No compatible version found: reactfire@'>=0.13.3 <0.14.0'
80 verbose stack Valid install targets:
80 verbose stack ["0.1.4","0.1.5","0.1.6","0.2.0","0.3.0","0.4.0","0.5.0","0.5.1","0.6.0"]
80 verbose stack
80 verbose stack     at installTargetsError (/usr/local/lib/node_modules/npm/lib/cache/add-named.js:278:12)
80 verbose stack     at next (/usr/local/lib/node_modules/npm/lib/cache/add-named.js:256:19)
80 verbose stack     at setData (/usr/local/lib/node_modules/npm/lib/cache/add-named.js:230:5)
80 verbose stack     at RES (/usr/local/lib/node_modules/npm/node_modules/inflight/inflight.js:23:14)
80 verbose stack     at f (/usr/local/lib/node_modules/npm/node_modules/once/once.js:17:25)
80 verbose stack     at fixName (/usr/local/lib/node_modules/npm/lib/cache/add-named.js:29:5)
80 verbose stack     at saved (/usr/local/lib/node_modules/npm/lib/cache/caching-client.js:173:7)
80 verbose stack     at /usr/local/lib/node_modules/npm/node_modules/graceful-fs/polyfills.js:210:7
80 verbose stack     at FSReqWrap.oncomplete (fs.js:82:15)
81 verbose cwd /Users/Tommy/Desktop/newProjects/note-react
82 error Darwin 14.5.0
83 error argv "/usr/local/bin/node" "/usr/local/bin/npm" "install"
84 error node v4.0.0
85 error npm  v2.14.2
86 error code ETARGET
87 error notarget No compatible version found: reactfire@'>=0.13.3 <0.14.0'
87 error notarget Valid install targets:
87 error notarget ["0.1.4","0.1.5","0.1.6","0.2.0","0.3.0","0.4.0","0.5.0","0.5.1","0.6.0"]
87 error notarget
87 error notarget This is most likely not a problem with npm itself.
87 error notarget In most cases you or one of your dependencies are requesting
87 error notarget a package version that doesn't exist.
87 error notarget
87 error notarget It was specified as a dependency of 'note-react'
88 verbose exit [ 1, true ]
